0 info it worked if it ends with ok
1 verbose cli [ '/usr/local/Cellar/node/8.9.1/bin/node',
1 verbose cli   '/usr/local/bin/npm',
1 verbose cli   'publish' ]
2 info using npm@4.1.2
3 info using node@v7.6.0
4 verbose publish [ '.' ]
5 silly cache add args [ '.', null ]
6 verbose cache add spec .
7 silly cache add parsed spec Result {
7 silly cache add   raw: '.',
7 silly cache add   scope: null,
7 silly cache add   escapedName: null,
7 silly cache add   name: null,
7 silly cache add   rawSpec: '.',
7 silly cache add   spec: '/Users/cyj/Documents/multi-child-process',
7 silly cache add   type: 'directory' }
8 verbose addLocalDirectory /Users/cyj/.npm/multi-child-process/1.0.0/package.tgz not in flight; packing
9 verbose correctMkdir /Users/cyj/.npm correctMkdir not in flight; initializing
10 info lifecycle multi-child-process@1.0.0~prepublish: multi-child-process@1.0.0
11 silly lifecycle multi-child-process@1.0.0~prepublish: no script for prepublish, continuing
12 info lifecycle multi-child-process@1.0.0~prepare: multi-child-process@1.0.0
13 silly lifecycle multi-child-process@1.0.0~prepare: no script for prepare, continuing
14 verbose tar pack [ '/Users/cyj/.npm/multi-child-process/1.0.0/package.tgz',
14 verbose tar pack   '/Users/cyj/Documents/multi-child-process' ]
15 verbose tarball /Users/cyj/.npm/multi-child-process/1.0.0/package.tgz
16 verbose folder /Users/cyj/Documents/multi-child-process
17 verbose addLocalTarball adding from inside cache /Users/cyj/.npm/multi-child-process/1.0.0/package.tgz
18 verbose correctMkdir /Users/cyj/.npm correctMkdir not in flight; initializing
19 silly cache afterAdd multi-child-process@1.0.0
20 verbose afterAdd /Users/cyj/.npm/multi-child-process/1.0.0/package/package.json not in flight; writing
21 verbose correctMkdir /Users/cyj/.npm correctMkdir not in flight; initializing
22 verbose afterAdd /Users/cyj/.npm/multi-child-process/1.0.0/package/package.json written
23 silly publish { name: 'multi-child-process',
23 silly publish   version: '1.0.0',
23 silly publish   description: 'multi-child-process module for node ',
23 silly publish   main: './lib/index.js',
23 silly publish   scripts: { test: 'mocha test/index.test.js && exit 0' },
23 silly publish   repository: { type: 'git', url: '\'\'' },
23 silly publish   keywords: [ 'multiprocess', 'pool', 'node' ],
23 silly publish   author: { name: 'eachann chen' },
23 silly publish   license: 'ISC',
23 silly publish   devDependencies: { chai: '^4.2.0' },
23 silly publish   readme: 'ERROR: No README data found!',
23 silly publish   _id: 'multi-child-process@1.0.0',
23 silly publish   _shasum: 'b2035aaf9d4b8017ae547876f52cdf71f1015f46',
23 silly publish   _from: '.' }
24 info lifecycle multi-child-process@1.0.0~prepublishOnly: multi-child-process@1.0.0
25 silly lifecycle multi-child-process@1.0.0~prepublishOnly: no script for prepublishOnly, continuing
26 verbose getPublishConfig undefined
27 silly mapToRegistry name multi-child-process
28 silly mapToRegistry using default registry
29 silly mapToRegistry registry https://registry.npmjs.org/
30 silly mapToRegistry data Result {
30 silly mapToRegistry   raw: 'multi-child-process',
30 silly mapToRegistry   scope: null,
30 silly mapToRegistry   escapedName: 'multi-child-process',
30 silly mapToRegistry   name: 'multi-child-process',
30 silly mapToRegistry   rawSpec: '',
30 silly mapToRegistry   spec: 'latest',
30 silly mapToRegistry   type: 'tag' }
31 silly mapToRegistry uri https://registry.npmjs.org/multi-child-process
32 verbose publish registryBase https://registry.npmjs.org/
33 silly publish uploading /Users/cyj/.npm/multi-child-process/1.0.0/package.tgz
34 verbose request uri https://registry.npmjs.org/multi-child-process
35 verbose request sending authorization for write operation
36 info attempt registry request try #1 at 15:56:59
37 verbose request using bearer token for auth
38 verbose request id 551420555887719c
39 http request PUT https://registry.npmjs.org/multi-child-process
40 http 403 https://registry.npmjs.org/multi-child-process
41 verbose headers { date: 'Thu, 28 Mar 2019 07:57:03 GMT',
41 verbose headers   'content-type': 'application/json',
41 verbose headers   'transfer-encoding': 'chunked',
41 verbose headers   connection: 'keep-alive',
41 verbose headers   'set-cookie': [ '__cfduid=d1b216af94acfb522ca10cc5af6034ecb1553759823; expires=Fri, 27-Mar-20 07:57:03 GMT; path=/; domain=.registry.npmjs.org; HttpOnly' ],
41 verbose headers   'cf-ray': '4be80d0ead6298b9-LAX',
41 verbose headers   'expect-ct': 'max-age=604800, report-uri="https://report-uri.cloudflare.com/cdn-cgi/beacon/expect-ct"',
41 verbose headers   vary: 'Accept-Encoding',
41 verbose headers   server: 'cloudflare',
41 verbose headers   'content-encoding': 'gzip' }
42 verbose request invalidating /Users/cyj/.npm/registry.npmjs.org/multi-child-process on PUT
43 error publish Failed PUT 403
44 verbose stack Error: multi-child-process cannot be republished until 24 hours have passed. : multi-child-process
44 verbose stack     at makeError (/usr/local/lib/node_modules/npm/node_modules/npm-registry-client/lib/request.js:304:12)
44 verbose stack     at CachingRegistryClient.<anonymous> (/usr/local/lib/node_modules/npm/node_modules/npm-registry-client/lib/request.js:292:14)
44 verbose stack     at /usr/local/lib/node_modules/npm/node_modules/npm-registry-client/lib/request.js:218:7
44 verbose stack     at Gunzip.onEnd (zlib.js:213:5)
44 verbose stack     at emitNone (events.js:91:20)
44 verbose stack     at Gunzip.emit (events.js:186:7)
44 verbose stack     at endReadableNT (_stream_readable.js:974:12)
44 verbose stack     at _combinedTickCallback (internal/process/next_tick.js:74:11)
44 verbose stack     at process._tickCallback (internal/process/next_tick.js:98:9)
45 verbose statusCode 403
46 verbose pkgid multi-child-process
47 verbose cwd /Users/cyj/Documents/multi-child-process
48 error Darwin 16.7.0
49 error argv "/usr/local/Cellar/node/8.9.1/bin/node" "/usr/local/bin/npm" "publish"
50 error node v7.6.0
51 error npm  v4.1.2
52 error code E403
53 error multi-child-process cannot be republished until 24 hours have passed. : multi-child-process
54 error If you need help, you may report this error at:
54 error     <https://github.com/npm/npm/issues>
55 verbose exit [ 1, true ]
